2024-01-25 15:43:57,340 INFO o.a.j.u.JMeterUtils: Setting Locale to en_IN
2024-01-25 15:43:57,387 INFO o.a.j.JMeter: Loading user properties from: user.properties
2024-01-25 15:43:57,387 INFO o.a.j.JMeter: Loading system properties from: system.properties
2024-01-25 15:43:57,403 INFO o.a.j.JMeter: Copyright (c) 1998-2023 The Apache Software Foundation
2024-01-25 15:43:57,403 INFO o.a.j.JMeter: Version 5.6.2
2024-01-25 15:43:57,403 INFO o.a.j.JMeter: java.version=17.0.9
2024-01-25 15:43:57,403 INFO o.a.j.JMeter: java.vm.name=Java HotSpot(TM) 64-Bit Server VM
2024-01-25 15:43:57,403 INFO o.a.j.JMeter: os.name=Windows 10
2024-01-25 15:43:57,403 INFO o.a.j.JMeter: os.arch=amd64
2024-01-25 15:43:57,403 INFO o.a.j.JMeter: os.version=10.0
2024-01-25 15:43:57,403 INFO o.a.j.JMeter: file.encoding=Cp1252
2024-01-25 15:43:57,403 INFO o.a.j.JMeter: java.awt.headless=null
2024-01-25 15:43:57,403 INFO o.a.j.JMeter: Max memory     =2113929216
2024-01-25 15:43:57,403 INFO o.a.j.JMeter: Available Processors =4
2024-01-25 15:43:57,418 INFO o.a.j.JMeter: Default Locale=English (India)
2024-01-25 15:43:57,418 INFO o.a.j.JMeter: JMeter  Locale=English (India)
2024-01-25 15:43:57,418 INFO o.a.j.JMeter: JMeterHome=C:\Users\Shrikant\Downloads\apache-jmeter-5.6.2\apache-jmeter-5.6.2
2024-01-25 15:43:57,418 INFO o.a.j.JMeter: user.dir  =C:\Users\Shrikant\Downloads\apache-jmeter-5.6.2\apache-jmeter-5.6.2\bin
2024-01-25 15:43:57,418 INFO o.a.j.JMeter: PWD       =C:\Users\Shrikant\Downloads\apache-jmeter-5.6.2\apache-jmeter-5.6.2\bin
2024-01-25 15:43:57,418 INFO o.a.j.JMeter: IP: 192.168.0.103 Name: DESKTOP-32O0DNI FullName: DESKTOP-32O0DNI
2024-01-25 15:43:57,450 INFO o.a.j.JMeter: Loaded icon properties from org/apache/jmeter/images/icon.properties
2024-01-25 15:43:57,833 INFO o.a.j.JMeterGuiLauncher: Setting LAF to: com.github.weisj.darklaf.DarkLaf:com.github.weisj.darklaf.theme.DarculaTheme
2024-01-25 15:44:18,703 INFO o.a.j.s.FileServer: Default base='C:\Users\Shrikant\Downloads\apache-jmeter-5.6.2\apache-jmeter-5.6.2\bin'
2024-01-25 15:44:18,703 INFO o.a.j.g.a.Load: Loading file: C:\Users\Shrikant\Downloads\Times_Pro.jmx
2024-01-25 15:44:18,703 INFO o.a.j.s.FileServer: Set new base='C:\Users\Shrikant\Downloads'
2024-01-25 15:44:19,191 INFO o.a.j.s.SaveService: Testplan (JMX) version: 2.2. Testlog (JTL) version: 2.2
2024-01-25 15:44:19,238 INFO o.a.j.s.SaveService: Using SaveService properties version 5.0
2024-01-25 15:44:19,253 INFO o.a.j.s.SaveService: Using SaveService properties file encoding UTF-8
2024-01-25 15:44:19,253 INFO o.a.j.s.SaveService: Loading file: C:\Users\Shrikant\Downloads\Times_Pro.jmx
2024-01-25 15:44:19,332 INFO o.a.j.p.h.c.CookieManager: Settings: Delete null: true Check: true Allow variable: true Save: false Prefix: COOKIE_
2024-01-25 15:44:19,332 INFO o.a.j.p.h.c.CacheManager: Will only cache the following methods: [GET]
2024-01-25 15:44:19,347 INFO o.a.j.p.h.s.HTTPSamplerBase: Parser for text/html is org.apache.jmeter.protocol.http.parser.LagartoBasedHtmlParser
2024-01-25 15:44:19,347 INFO o.a.j.p.h.s.HTTPSamplerBase: Parser for application/xhtml+xml is org.apache.jmeter.protocol.http.parser.LagartoBasedHtmlParser
2024-01-25 15:44:19,347 INFO o.a.j.p.h.s.HTTPSamplerBase: Parser for application/xml is org.apache.jmeter.protocol.http.parser.LagartoBasedHtmlParser
2024-01-25 15:44:19,347 INFO o.a.j.p.h.s.HTTPSamplerBase: Parser for text/xml is org.apache.jmeter.protocol.http.parser.LagartoBasedHtmlParser
2024-01-25 15:44:19,347 INFO o.a.j.p.h.s.HTTPSamplerBase: Parser for text/vnd.wap.wml is org.apache.jmeter.protocol.http.parser.RegexpHTMLParser
2024-01-25 15:44:19,363 INFO o.a.j.p.h.s.HTTPSamplerBase: Parser for text/css is org.apache.jmeter.protocol.http.parser.CssParser
2024-01-25 15:44:20,081 INFO o.a.j.s.FileServer: Set new base='C:\Users\Shrikant\Downloads'
2024-01-25 15:51:31,855 INFO o.a.j.s.SampleResult: Note: Sample TimeStamps are START times
2024-01-25 15:51:31,855 INFO o.a.j.s.SampleResult: sampleresult.default.encoding is set to UTF-8
2024-01-25 15:51:31,855 INFO o.a.j.s.SampleResult: sampleresult.useNanoTime=true
2024-01-25 15:51:31,855 INFO o.a.j.s.SampleResult: sampleresult.nanoThreadSleep=5000
2024-01-25 15:52:07,663 INFO o.a.j.e.StandardJMeterEngine: Running the test!
2024-01-25 15:52:07,679 INFO o.a.j.s.SampleEvent: List of sample_variables: []
2024-01-25 15:52:07,679 INFO o.a.j.s.SampleEvent: List of sample_variables: []
2024-01-25 15:52:07,679 INFO o.a.j.e.u.CompoundVariable: Note: Function class names must contain the string: '.functions.'
2024-01-25 15:52:07,679 INFO o.a.j.e.u.CompoundVariable: Note: Function class names must not contain the string: '.gui.'
2024-01-25 15:52:07,775 INFO o.a.j.g.u.JMeterMenuBar: setRunning(true, *local*)
2024-01-25 15:52:07,834 INFO o.a.j.e.StandardJMeterEngine: Starting ThreadGroup: 1 : Thread Group
2024-01-25 15:52:07,834 INFO o.a.j.e.StandardJMeterEngine: Starting 5 threads for group Thread Group.
2024-01-25 15:52:07,834 INFO o.a.j.e.StandardJMeterEngine: Thread will continue on error
2024-01-25 15:52:07,834 INFO o.a.j.t.ThreadGroup: Starting thread group... number=1 threads=5 ramp-up=1 delayedStart=false
2024-01-25 15:52:07,849 INFO o.a.j.t.JMeterThread: Thread started: Thread Group 1-1
2024-01-25 15:52:07,857 INFO o.a.j.t.ThreadGroup: Started thread group number 1
2024-01-25 15:52:07,857 INFO o.a.j.e.StandardJMeterEngine: All thread groups have been started
2024-01-25 15:52:07,872 INFO o.a.j.p.h.s.HTTPHCAbstractImpl: Local host = DESKTOP-32O0DNI
2024-01-25 15:52:07,880 INFO o.a.j.p.h.s.HTTPHC4Impl: HTTP request retry count = 0
2024-01-25 15:52:08,053 INFO o.a.j.p.h.s.h.LazyLayeredConnectionSocketFactory: Setting up HTTPS TrustAll Socket Factory
2024-01-25 15:52:08,059 INFO o.a.j.u.JsseSSLManager: Using default SSL protocol: TLS
2024-01-25 15:52:08,059 INFO o.a.j.u.JsseSSLManager: SSL session context: per-thread
2024-01-25 15:52:08,063 INFO o.a.j.t.JMeterThread: Thread started: Thread Group 1-2
2024-01-25 15:52:08,243 INFO o.a.j.t.JMeterThread: Thread started: Thread Group 1-3
2024-01-25 15:52:08,253 INFO o.a.j.u.SSLManager: JmeterKeyStore Location:  type JKS
2024-01-25 15:52:08,261 INFO o.a.j.u.SSLManager: KeyStore created OK
2024-01-25 15:52:08,261 WARN o.a.j.u.SSLManager: Keystore file not found, loading empty keystore
2024-01-25 15:52:08,447 INFO o.a.j.t.JMeterThread: Thread started: Thread Group 1-4
2024-01-25 15:52:08,648 INFO o.a.j.t.JMeterThread: Thread started: Thread Group 1-5
2024-01-25 15:52:20,893 INFO o.a.j.t.JMeterThread: Thread is done: Thread Group 1-1
2024-01-25 15:52:20,893 INFO o.a.j.t.JMeterThread: Thread finished: Thread Group 1-1
2024-01-25 15:52:21,018 INFO o.a.j.t.JMeterThread: Thread is done: Thread Group 1-2
2024-01-25 15:52:21,018 INFO o.a.j.t.JMeterThread: Thread finished: Thread Group 1-2
2024-01-25 15:52:22,088 INFO o.a.j.t.JMeterThread: Thread is done: Thread Group 1-4
2024-01-25 15:52:22,088 INFO o.a.j.t.JMeterThread: Thread finished: Thread Group 1-4
2024-01-25 15:52:22,698 INFO o.a.j.t.JMeterThread: Thread is done: Thread Group 1-3
2024-01-25 15:52:22,698 INFO o.a.j.t.JMeterThread: Thread finished: Thread Group 1-3
2024-01-25 15:52:22,838 INFO o.a.j.t.JMeterThread: Thread is done: Thread Group 1-5
2024-01-25 15:52:22,838 INFO o.a.j.t.JMeterThread: Thread finished: Thread Group 1-5
2024-01-25 15:52:22,838 INFO o.a.j.e.StandardJMeterEngine: Notifying test listeners of end of test
2024-01-25 15:52:22,838 INFO o.a.j.g.u.JMeterMenuBar: setRunning(false, *local*)
2024-01-25 15:55:36,886 INFO o.a.j.e.StandardJMeterEngine: Running the test!
2024-01-25 15:55:36,886 INFO o.a.j.s.SampleEvent: List of sample_variables: []
2024-01-25 15:55:36,901 INFO o.a.j.g.u.JMeterMenuBar: setRunning(true, *local*)
2024-01-25 15:55:36,955 INFO o.a.j.e.StandardJMeterEngine: Starting ThreadGroup: 1 : Thread Group
2024-01-25 15:55:36,955 INFO o.a.j.e.StandardJMeterEngine: Starting 5 threads for group Thread Group.
2024-01-25 15:55:36,955 INFO o.a.j.e.StandardJMeterEngine: Thread will continue on error
2024-01-25 15:55:36,955 INFO o.a.j.t.ThreadGroup: Starting thread group... number=1 threads=5 ramp-up=1 delayedStart=false
2024-01-25 15:55:36,971 INFO o.a.j.t.ThreadGroup: Started thread group number 1
2024-01-25 15:55:36,971 INFO o.a.j.e.StandardJMeterEngine: All thread groups have been started
2024-01-25 15:55:36,971 INFO o.a.j.t.JMeterThread: Thread started: Thread Group 1-1
2024-01-25 15:55:37,191 INFO o.a.j.t.JMeterThread: Thread started: Thread Group 1-2
2024-01-25 15:55:37,377 INFO o.a.j.t.JMeterThread: Thread started: Thread Group 1-3
2024-01-25 15:55:37,576 INFO o.a.j.t.JMeterThread: Thread started: Thread Group 1-4
2024-01-25 15:55:37,778 INFO o.a.j.t.JMeterThread: Thread started: Thread Group 1-5
2024-01-25 15:55:41,810 INFO o.a.j.t.JMeterThread: Thread is done: Thread Group 1-1
2024-01-25 15:55:41,810 INFO o.a.j.t.JMeterThread: Thread finished: Thread Group 1-1
2024-01-25 15:55:42,247 INFO o.a.j.t.JMeterThread: Thread is done: Thread Group 1-4
2024-01-25 15:55:42,247 INFO o.a.j.t.JMeterThread: Thread finished: Thread Group 1-4
2024-01-25 15:55:43,062 INFO o.a.j.t.JMeterThread: Thread is done: Thread Group 1-5
2024-01-25 15:55:43,062 INFO o.a.j.t.JMeterThread: Thread finished: Thread Group 1-5
2024-01-25 15:55:43,156 INFO o.a.j.t.JMeterThread: Thread is done: Thread Group 1-2
2024-01-25 15:55:43,156 INFO o.a.j.t.JMeterThread: Thread finished: Thread Group 1-2
2024-01-25 15:55:43,297 INFO o.a.j.t.JMeterThread: Thread is done: Thread Group 1-3
2024-01-25 15:55:43,297 INFO o.a.j.t.JMeterThread: Thread finished: Thread Group 1-3
2024-01-25 15:55:43,297 INFO o.a.j.e.StandardJMeterEngine: Notifying test listeners of end of test
2024-01-25 15:55:43,297 INFO o.a.j.g.u.JMeterMenuBar: setRunning(false, *local*)
2024-01-25 16:01:06,352 WARN o.a.j.s.CSVSaveService: Unknown column name 
2024-01-25 16:01:06,352 INFO o.a.j.s.CSVSaveService: C:\Users\Shrikant\Desktop\TimesPro_LoadTestResult.csv does not appear to have a valid header. Using default configuration.
2024-01-25 16:01:06,352 WARN o.a.j.s.CSVSaveService: Cannot parse timestamp: '', will try following formats [yyyy/MM/dd HH:mm:ss.SSS, yyyy/MM/dd HH:mm:ss, yyyy-MM-dd HH:mm:ss.SSS, yyyy-MM-dd HH:mm:ss, MM/dd/yy HH:mm:ss]
2024-01-25 16:01:06,352 INFO o.a.j.s.CSVSaveService:  did not match yyyy/MM/dd HH:mm:ss.SSS, trying next date format
2024-01-25 16:01:06,352 INFO o.a.j.s.CSVSaveService:  did not match yyyy/MM/dd HH:mm:ss, trying next date format
2024-01-25 16:01:06,352 INFO o.a.j.s.CSVSaveService:  did not match yyyy-MM-dd HH:mm:ss.SSS, trying next date format
2024-01-25 16:01:06,352 INFO o.a.j.s.CSVSaveService:  did not match yyyy-MM-dd HH:mm:ss, trying next date format
2024-01-25 16:01:06,352 INFO o.a.j.s.CSVSaveService:  did not match MM/dd/yy HH:mm:ss, trying next date format
2024-01-25 16:01:06,352 WARN o.a.j.s.CSVSaveService: Error parsing field 'timeStamp' at line 1. java.text.ParseException: No date-time format found matching 
2024-01-25 16:01:06,352 WARN o.a.j.r.ResultCollector: Problem reading JTL file: C:\Users\Shrikant\Desktop\TimesPro_LoadTestResult.csv
org.apache.jorphan.util.JMeterError: java.text.ParseException: No date-time format found matching 
	at org.apache.jmeter.save.CSVSaveService.makeResultFromDelimitedString(CSVSaveService.java:390) ~[ApacheJMeter_core.jar:5.6.2]
	at org.apache.jmeter.save.CSVSaveService.processSamples(CSVSaveService.java:182) ~[ApacheJMeter_core.jar:5.6.2]
	at org.apache.jmeter.reporters.ResultCollector.loadExistingFile(ResultCollector.java:379) ~[ApacheJMeter_core.jar:5.6.2]
	at org.apache.jmeter.visualizers.gui.AbstractVisualizer.stateChanged(AbstractVisualizer.java:247) ~[ApacheJMeter_core.jar:5.6.2]
	at org.apache.jmeter.gui.util.FilePanelEntry.fireFileChanged(FilePanelEntry.java:140) ~[ApacheJMeter_core.jar:5.6.2]
	at org.apache.jmeter.gui.util.FilePanelEntry.actionPerformed(FilePanelEntry.java:155) ~[ApacheJMeter_core.jar:5.6.2]
	at javax.swing.AbstractButton.fireActionPerformed(AbstractButton.java:1972) ~[?:?]
	at javax.swing.AbstractButton$Handler.actionPerformed(AbstractButton.java:2313) ~[?:?]
	at javax.swing.DefaultButtonModel.fireActionPerformed(DefaultButtonModel.java:405) ~[?:?]
	at javax.swing.DefaultButtonModel.setPressed(DefaultButtonModel.java:262) ~[?:?]
	at javax.swing.plaf.basic.BasicButtonListener.mouseReleased(BasicButtonListener.java:279) ~[?:?]
	at com.github.weisj.darklaf.ui.button.DarkButtonListener.mouseReleased(DarkButtonListener.java:72) ~[darklaf-core-2.7.3.jar:2.7.3]
	at java.awt.Component.processMouseEvent(Component.java:6626) ~[?:?]
	at javax.swing.JComponent.processMouseEvent(JComponent.java:3389) ~[?:?]
	at java.awt.Component.processEvent(Component.java:6391) ~[?:?]
	at java.awt.Container.processEvent(Container.java:2266) ~[?:?]
	at java.awt.Component.dispatchEventImpl(Component.java:5001) ~[?:?]
	at java.awt.Container.dispatchEventImpl(Container.java:2324) ~[?:?]
	at java.awt.Component.dispatchEvent(Component.java:4833) ~[?:?]
	at java.awt.LightweightDispatcher.retargetMouseEvent(Container.java:4948) ~[?:?]
	at java.awt.LightweightDispatcher.processMouseEvent(Container.java:4575) ~[?:?]
	at java.awt.LightweightDispatcher.dispatchEvent(Container.java:4516) ~[?:?]
	at java.awt.Container.dispatchEventImpl(Container.java:2310) ~[?:?]
	at java.awt.Window.dispatchEventImpl(Window.java:2780) ~[?:?]
	at java.awt.Component.dispatchEvent(Component.java:4833) ~[?:?]
	at java.awt.EventQueue.dispatchEventImpl(EventQueue.java:773) ~[?:?]
	at java.awt.EventQueue$4.run(EventQueue.java:722) ~[?:?]
	at java.awt.EventQueue$4.run(EventQueue.java:716) ~[?:?]
	at java.security.AccessController.doPrivileged(AccessController.java:399) [?:?]
	at java.security.ProtectionDomain$JavaSecurityAccessImpl.doIntersectionPrivilege(ProtectionDomain.java:86) ~[?:?]
	at java.security.ProtectionDomain$JavaSecurityAccessImpl.doIntersectionPrivilege(ProtectionDomain.java:97) ~[?:?]
	at java.awt.EventQueue$5.run(EventQueue.java:746) ~[?:?]
	at java.awt.EventQueue$5.run(EventQueue.java:744) ~[?:?]
	at java.security.AccessController.doPrivileged(AccessController.java:399) [?:?]
	at java.security.ProtectionDomain$JavaSecurityAccessImpl.doIntersectionPrivilege(ProtectionDomain.java:86) [?:?]
	at java.awt.EventQueue.dispatchEvent(EventQueue.java:743) [?:?]
	at java.awt.EventDispatchThread.pumpOneEventForFilters(EventDispatchThread.java:203) [?:?]
	at java.awt.EventDispatchThread.pumpEventsForFilter(EventDispatchThread.java:124) [?:?]
	at java.awt.EventDispatchThread.pumpEventsForHierarchy(EventDispatchThread.java:113) [?:?]
	at java.awt.EventDispatchThread.pumpEvents(EventDispatchThread.java:109) [?:?]
	at java.awt.EventDispatchThread.pumpEvents(EventDispatchThread.java:101) [?:?]
	at java.awt.EventDispatchThread.run(EventDispatchThread.java:90) [?:?]
Caused by: java.text.ParseException: No date-time format found matching 
	at org.apache.jmeter.save.CSVSaveService.makeResultFromDelimitedString(CSVSaveService.java:245) ~[ApacheJMeter_core.jar:5.6.2]
	... 41 more
2024-01-25 16:01:21,785 WARN o.a.j.s.CSVSaveService: Unknown column name 
2024-01-25 16:01:21,785 INFO o.a.j.s.CSVSaveService: C:\Users\Shrikant\Desktop\TimesPro_LoadTestResult.csv does not appear to have a valid header. Using default configuration.
2024-01-25 16:01:21,785 WARN o.a.j.s.CSVSaveService: Cannot parse timestamp: '', will try following formats [yyyy/MM/dd HH:mm:ss.SSS, yyyy/MM/dd HH:mm:ss, yyyy-MM-dd HH:mm:ss.SSS, yyyy-MM-dd HH:mm:ss, MM/dd/yy HH:mm:ss]
2024-01-25 16:01:21,785 INFO o.a.j.s.CSVSaveService:  did not match yyyy/MM/dd HH:mm:ss.SSS, trying next date format
2024-01-25 16:01:21,801 INFO o.a.j.s.CSVSaveService:  did not match yyyy/MM/dd HH:mm:ss, trying next date format
2024-01-25 16:01:21,801 INFO o.a.j.s.CSVSaveService:  did not match yyyy-MM-dd HH:mm:ss.SSS, trying next date format
2024-01-25 16:01:21,801 INFO o.a.j.s.CSVSaveService:  did not match yyyy-MM-dd HH:mm:ss, trying next date format
2024-01-25 16:01:21,801 INFO o.a.j.s.CSVSaveService:  did not match MM/dd/yy HH:mm:ss, trying next date format
2024-01-25 16:01:21,801 WARN o.a.j.s.CSVSaveService: Error parsing field 'timeStamp' at line 1. java.text.ParseException: No date-time format found matching 
2024-01-25 16:01:21,801 WARN o.a.j.r.ResultCollector: Problem reading JTL file: C:\Users\Shrikant\Desktop\TimesPro_LoadTestResult.csv
org.apache.jorphan.util.JMeterError: java.text.ParseException: No date-time format found matching 
	at org.apache.jmeter.save.CSVSaveService.makeResultFromDelimitedString(CSVSaveService.java:390) ~[ApacheJMeter_core.jar:5.6.2]
	at org.apache.jmeter.save.CSVSaveService.processSamples(CSVSaveService.java:182) ~[ApacheJMeter_core.jar:5.6.2]
	at org.apache.jmeter.reporters.ResultCollector.loadExistingFile(ResultCollector.java:379) ~[ApacheJMeter_core.jar:5.6.2]
	at org.apache.jmeter.visualizers.gui.AbstractVisualizer.stateChanged(AbstractVisualizer.java:247) ~[ApacheJMeter_core.jar:5.6.2]
	at org.apache.jmeter.gui.util.FilePanelEntry.fireFileChanged(FilePanelEntry.java:140) ~[ApacheJMeter_core.jar:5.6.2]
	at org.apache.jmeter.gui.util.FilePanelEntry.actionPerformed(FilePanelEntry.java:155) ~[ApacheJMeter_core.jar:5.6.2]
	at javax.swing.AbstractButton.fireActionPerformed(AbstractButton.java:1972) ~[?:?]
	at javax.swing.AbstractButton$Handler.actionPerformed(AbstractButton.java:2313) ~[?:?]
	at javax.swing.DefaultButtonModel.fireActionPerformed(DefaultButtonModel.java:405) ~[?:?]
	at javax.swing.DefaultButtonModel.setPressed(DefaultButtonModel.java:262) ~[?:?]
	at javax.swing.plaf.basic.BasicButtonListener.mouseReleased(BasicButtonListener.java:279) ~[?:?]
	at com.github.weisj.darklaf.ui.button.DarkButtonListener.mouseReleased(DarkButtonListener.java:72) ~[darklaf-core-2.7.3.jar:2.7.3]
	at java.awt.Component.processMouseEvent(Component.java:6626) ~[?:?]
	at javax.swing.JComponent.processMouseEvent(JComponent.java:3389) ~[?:?]
	at java.awt.Component.processEvent(Component.java:6391) ~[?:?]
	at java.awt.Container.processEvent(Container.java:2266) ~[?:?]
	at java.awt.Component.dispatchEventImpl(Component.java:5001) ~[?:?]
	at java.awt.Container.dispatchEventImpl(Container.java:2324) ~[?:?]
	at java.awt.Component.dispatchEvent(Component.java:4833) ~[?:?]
	at java.awt.LightweightDispatcher.retargetMouseEvent(Container.java:4948) ~[?:?]
	at java.awt.LightweightDispatcher.processMouseEvent(Container.java:4575) ~[?:?]
	at java.awt.LightweightDispatcher.dispatchEvent(Container.java:4516) ~[?:?]
	at java.awt.Container.dispatchEventImpl(Container.java:2310) ~[?:?]
	at java.awt.Window.dispatchEventImpl(Window.java:2780) ~[?:?]
	at java.awt.Component.dispatchEvent(Component.java:4833) ~[?:?]
	at java.awt.EventQueue.dispatchEventImpl(EventQueue.java:773) ~[?:?]
	at java.awt.EventQueue$4.run(EventQueue.java:722) ~[?:?]
	at java.awt.EventQueue$4.run(EventQueue.java:716) ~[?:?]
	at java.security.AccessController.doPrivileged(AccessController.java:399) [?:?]
	at java.security.ProtectionDomain$JavaSecurityAccessImpl.doIntersectionPrivilege(ProtectionDomain.java:86) ~[?:?]
	at java.security.ProtectionDomain$JavaSecurityAccessImpl.doIntersectionPrivilege(ProtectionDomain.java:97) ~[?:?]
	at java.awt.EventQueue$5.run(EventQueue.java:746) ~[?:?]
	at java.awt.EventQueue$5.run(EventQueue.java:744) ~[?:?]
	at java.security.AccessController.doPrivileged(AccessController.java:399) [?:?]
	at java.security.ProtectionDomain$JavaSecurityAccessImpl.doIntersectionPrivilege(ProtectionDomain.java:86) [?:?]
	at java.awt.EventQueue.dispatchEvent(EventQueue.java:743) [?:?]
	at java.awt.EventDispatchThread.pumpOneEventForFilters(EventDispatchThread.java:203) [?:?]
	at java.awt.EventDispatchThread.pumpEventsForFilter(EventDispatchThread.java:124) [?:?]
	at java.awt.EventDispatchThread.pumpEventsForHierarchy(EventDispatchThread.java:113) [?:?]
	at java.awt.EventDispatchThread.pumpEvents(EventDispatchThread.java:109) [?:?]
	at java.awt.EventDispatchThread.pumpEvents(EventDispatchThread.java:101) [?:?]
	at java.awt.EventDispatchThread.run(EventDispatchThread.java:90) [?:?]
Caused by: java.text.ParseException: No date-time format found matching 
	at org.apache.jmeter.save.CSVSaveService.makeResultFromDelimitedString(CSVSaveService.java:245) ~[ApacheJMeter_core.jar:5.6.2]
	... 41 more
2024-01-25 16:02:06,412 WARN o.a.j.g.MainFrame: Importing file, TimesPro_LoadTestResult.csv, from DnD failed because file extension does not end with .jmx
2024-01-25 16:02:20,651 WARN o.a.j.s.CSVSaveService: Unknown column name 
2024-01-25 16:02:20,651 INFO o.a.j.s.CSVSaveService: C:\Users\Shrikant\Desktop\TimesPro_LoadTestResult.csv does not appear to have a valid header. Using default configuration.
2024-01-25 16:02:20,651 WARN o.a.j.s.CSVSaveService: Cannot parse timestamp: '', will try following formats [yyyy/MM/dd HH:mm:ss.SSS, yyyy/MM/dd HH:mm:ss, yyyy-MM-dd HH:mm:ss.SSS, yyyy-MM-dd HH:mm:ss, MM/dd/yy HH:mm:ss]
2024-01-25 16:02:20,666 INFO o.a.j.s.CSVSaveService:  did not match yyyy/MM/dd HH:mm:ss.SSS, trying next date format
2024-01-25 16:02:20,666 INFO o.a.j.s.CSVSaveService:  did not match yyyy/MM/dd HH:mm:ss, trying next date format
2024-01-25 16:02:20,666 INFO o.a.j.s.CSVSaveService:  did not match yyyy-MM-dd HH:mm:ss.SSS, trying next date format
2024-01-25 16:02:20,666 INFO o.a.j.s.CSVSaveService:  did not match yyyy-MM-dd HH:mm:ss, trying next date format
2024-01-25 16:02:20,666 INFO o.a.j.s.CSVSaveService:  did not match MM/dd/yy HH:mm:ss, trying next date format
2024-01-25 16:02:20,666 WARN o.a.j.s.CSVSaveService: Error parsing field 'timeStamp' at line 1. java.text.ParseException: No date-time format found matching 
2024-01-25 16:02:20,666 WARN o.a.j.r.ResultCollector: Problem reading JTL file: C:\Users\Shrikant\Desktop\TimesPro_LoadTestResult.csv
org.apache.jorphan.util.JMeterError: java.text.ParseException: No date-time format found matching 
	at org.apache.jmeter.save.CSVSaveService.makeResultFromDelimitedString(CSVSaveService.java:390) ~[ApacheJMeter_core.jar:5.6.2]
	at org.apache.jmeter.save.CSVSaveService.processSamples(CSVSaveService.java:182) ~[ApacheJMeter_core.jar:5.6.2]
	at org.apache.jmeter.reporters.ResultCollector.loadExistingFile(ResultCollector.java:379) ~[ApacheJMeter_core.jar:5.6.2]
	at org.apache.jmeter.visualizers.gui.AbstractVisualizer.stateChanged(AbstractVisualizer.java:247) ~[ApacheJMeter_core.jar:5.6.2]
	at org.apache.jmeter.gui.util.FilePanelEntry.fireFileChanged(FilePanelEntry.java:140) ~[ApacheJMeter_core.jar:5.6.2]
	at org.apache.jmeter.gui.util.FilePanelEntry.actionPerformed(FilePanelEntry.java:155) ~[ApacheJMeter_core.jar:5.6.2]
	at javax.swing.AbstractButton.fireActionPerformed(AbstractButton.java:1972) ~[?:?]
	at javax.swing.AbstractButton$Handler.actionPerformed(AbstractButton.java:2313) ~[?:?]
	at javax.swing.DefaultButtonModel.fireActionPerformed(DefaultButtonModel.java:405) ~[?:?]
	at javax.swing.DefaultButtonModel.setPressed(DefaultButtonModel.java:262) ~[?:?]
	at javax.swing.plaf.basic.BasicButtonListener.mouseReleased(BasicButtonListener.java:279) ~[?:?]
	at com.github.weisj.darklaf.ui.button.DarkButtonListener.mouseReleased(DarkButtonListener.java:72) ~[darklaf-core-2.7.3.jar:2.7.3]
	at java.awt.Component.processMouseEvent(Component.java:6626) ~[?:?]
	at javax.swing.JComponent.processMouseEvent(JComponent.java:3389) ~[?:?]
	at java.awt.Component.processEvent(Component.java:6391) ~[?:?]
	at java.awt.Container.processEvent(Container.java:2266) ~[?:?]
	at java.awt.Component.dispatchEventImpl(Component.java:5001) ~[?:?]
	at java.awt.Container.dispatchEventImpl(Container.java:2324) ~[?:?]
	at java.awt.Component.dispatchEvent(Component.java:4833) ~[?:?]
	at java.awt.LightweightDispatcher.retargetMouseEvent(Container.java:4948) ~[?:?]
	at java.awt.LightweightDispatcher.processMouseEvent(Container.java:4575) ~[?:?]
	at java.awt.LightweightDispatcher.dispatchEvent(Container.java:4516) ~[?:?]
	at java.awt.Container.dispatchEventImpl(Container.java:2310) ~[?:?]
	at java.awt.Window.dispatchEventImpl(Window.java:2780) ~[?:?]
	at java.awt.Component.dispatchEvent(Component.java:4833) ~[?:?]
	at java.awt.EventQueue.dispatchEventImpl(EventQueue.java:773) ~[?:?]
	at java.awt.EventQueue$4.run(EventQueue.java:722) ~[?:?]
	at java.awt.EventQueue$4.run(EventQueue.java:716) ~[?:?]
	at java.security.AccessController.doPrivileged(AccessController.java:399) [?:?]
	at java.security.ProtectionDomain$JavaSecurityAccessImpl.doIntersectionPrivilege(ProtectionDomain.java:86) ~[?:?]
	at java.security.ProtectionDomain$JavaSecurityAccessImpl.doIntersectionPrivilege(ProtectionDomain.java:97) ~[?:?]
	at java.awt.EventQueue$5.run(EventQueue.java:746) ~[?:?]
	at java.awt.EventQueue$5.run(EventQueue.java:744) ~[?:?]
	at java.security.AccessController.doPrivileged(AccessController.java:399) [?:?]
	at java.security.ProtectionDomain$JavaSecurityAccessImpl.doIntersectionPrivilege(ProtectionDomain.java:86) [?:?]
	at java.awt.EventQueue.dispatchEvent(EventQueue.java:743) [?:?]
	at java.awt.EventDispatchThread.pumpOneEventForFilters(EventDispatchThread.java:203) [?:?]
	at java.awt.EventDispatchThread.pumpEventsForFilter(EventDispatchThread.java:124) [?:?]
	at java.awt.EventDispatchThread.pumpEventsForHierarchy(EventDispatchThread.java:113) [?:?]
	at java.awt.EventDispatchThread.pumpEvents(EventDispatchThread.java:109) [?:?]
	at java.awt.EventDispatchThread.pumpEvents(EventDispatchThread.java:101) [?:?]
	at java.awt.EventDispatchThread.run(EventDispatchThread.java:90) [?:?]
Caused by: java.text.ParseException: No date-time format found matching 
	at org.apache.jmeter.save.CSVSaveService.makeResultFromDelimitedString(CSVSaveService.java:245) ~[ApacheJMeter_core.jar:5.6.2]
	... 41 more
2024-01-25 16:02:26,054 WARN o.a.j.s.CSVSaveService: Unknown column name 
2024-01-25 16:02:26,054 INFO o.a.j.s.CSVSaveService: C:\Users\Shrikant\Desktop\TimesPro_LoadTestResult.csv does not appear to have a valid header. Using default configuration.
2024-01-25 16:02:26,054 WARN o.a.j.s.CSVSaveService: Cannot parse timestamp: '', will try following formats [yyyy/MM/dd HH:mm:ss.SSS, yyyy/MM/dd HH:mm:ss, yyyy-MM-dd HH:mm:ss.SSS, yyyy-MM-dd HH:mm:ss, MM/dd/yy HH:mm:ss]
2024-01-25 16:02:26,054 INFO o.a.j.s.CSVSaveService:  did not match yyyy/MM/dd HH:mm:ss.SSS, trying next date format
2024-01-25 16:02:26,054 INFO o.a.j.s.CSVSaveService:  did not match yyyy/MM/dd HH:mm:ss, trying next date format
2024-01-25 16:02:26,054 INFO o.a.j.s.CSVSaveService:  did not match yyyy-MM-dd HH:mm:ss.SSS, trying next date format
2024-01-25 16:02:26,054 INFO o.a.j.s.CSVSaveService:  did not match yyyy-MM-dd HH:mm:ss, trying next date format
2024-01-25 16:02:26,054 INFO o.a.j.s.CSVSaveService:  did not match MM/dd/yy HH:mm:ss, trying next date format
2024-01-25 16:02:26,054 WARN o.a.j.s.CSVSaveService: Error parsing field 'timeStamp' at line 1. java.text.ParseException: No date-time format found matching 
2024-01-25 16:02:26,054 WARN o.a.j.r.ResultCollector: Problem reading JTL file: C:\Users\Shrikant\Desktop\TimesPro_LoadTestResult.csv
org.apache.jorphan.util.JMeterError: java.text.ParseException: No date-time format found matching 
	at org.apache.jmeter.save.CSVSaveService.makeResultFromDelimitedString(CSVSaveService.java:390) ~[ApacheJMeter_core.jar:5.6.2]
	at org.apache.jmeter.save.CSVSaveService.processSamples(CSVSaveService.java:182) ~[ApacheJMeter_core.jar:5.6.2]
	at org.apache.jmeter.reporters.ResultCollector.loadExistingFile(ResultCollector.java:379) ~[ApacheJMeter_core.jar:5.6.2]
	at org.apache.jmeter.visualizers.gui.AbstractVisualizer.stateChanged(AbstractVisualizer.java:247) ~[ApacheJMeter_core.jar:5.6.2]
	at org.apache.jmeter.gui.util.FilePanelEntry.fireFileChanged(FilePanelEntry.java:140) ~[ApacheJMeter_core.jar:5.6.2]
	at org.apache.jmeter.gui.util.FilePanelEntry.actionPerformed(FilePanelEntry.java:155) ~[ApacheJMeter_core.jar:5.6.2]
	at javax.swing.AbstractButton.fireActionPerformed(AbstractButton.java:1972) ~[?:?]
	at javax.swing.AbstractButton$Handler.actionPerformed(AbstractButton.java:2313) ~[?:?]
	at javax.swing.DefaultButtonModel.fireActionPerformed(DefaultButtonModel.java:405) ~[?:?]
	at javax.swing.DefaultButtonModel.setPressed(DefaultButtonModel.java:262) ~[?:?]
	at javax.swing.plaf.basic.BasicButtonListener.mouseReleased(BasicButtonListener.java:279) ~[?:?]
	at com.github.weisj.darklaf.ui.button.DarkButtonListener.mouseReleased(DarkButtonListener.java:72) ~[darklaf-core-2.7.3.jar:2.7.3]
	at java.awt.Component.processMouseEvent(Component.java:6626) ~[?:?]
	at javax.swing.JComponent.processMouseEvent(JComponent.java:3389) ~[?:?]
	at java.awt.Component.processEvent(Component.java:6391) ~[?:?]
	at java.awt.Container.processEvent(Container.java:2266) ~[?:?]
	at java.awt.Component.dispatchEventImpl(Component.java:5001) ~[?:?]
	at java.awt.Container.dispatchEventImpl(Container.java:2324) ~[?:?]
	at java.awt.Component.dispatchEvent(Component.java:4833) ~[?:?]
	at java.awt.LightweightDispatcher.retargetMouseEvent(Container.java:4948) ~[?:?]
	at java.awt.LightweightDispatcher.processMouseEvent(Container.java:4575) ~[?:?]
	at java.awt.LightweightDispatcher.dispatchEvent(Container.java:4516) ~[?:?]
	at java.awt.Container.dispatchEventImpl(Container.java:2310) ~[?:?]
	at java.awt.Window.dispatchEventImpl(Window.java:2780) ~[?:?]
	at java.awt.Component.dispatchEvent(Component.java:4833) ~[?:?]
	at java.awt.EventQueue.dispatchEventImpl(EventQueue.java:773) ~[?:?]
	at java.awt.EventQueue$4.run(EventQueue.java:722) ~[?:?]
	at java.awt.EventQueue$4.run(EventQueue.java:716) ~[?:?]
	at java.security.AccessController.doPrivileged(AccessController.java:399) [?:?]
	at java.security.ProtectionDomain$JavaSecurityAccessImpl.doIntersectionPrivilege(ProtectionDomain.java:86) ~[?:?]
	at java.security.ProtectionDomain$JavaSecurityAccessImpl.doIntersectionPrivilege(ProtectionDomain.java:97) ~[?:?]
	at java.awt.EventQueue$5.run(EventQueue.java:746) ~[?:?]
	at java.awt.EventQueue$5.run(EventQueue.java:744) ~[?:?]
	at java.security.AccessController.doPrivileged(AccessController.java:399) [?:?]
	at java.security.ProtectionDomain$JavaSecurityAccessImpl.doIntersectionPrivilege(ProtectionDomain.java:86) [?:?]
	at java.awt.EventQueue.dispatchEvent(EventQueue.java:743) [?:?]
	at java.awt.EventDispatchThread.pumpOneEventForFilters(EventDispatchThread.java:203) [?:?]
	at java.awt.EventDispatchThread.pumpEventsForFilter(EventDispatchThread.java:124) [?:?]
	at java.awt.EventDispatchThread.pumpEventsForHierarchy(EventDispatchThread.java:113) [?:?]
	at java.awt.EventDispatchThread.pumpEvents(EventDispatchThread.java:109) [?:?]
	at java.awt.EventDispatchThread.pumpEvents(EventDispatchThread.java:101) [?:?]
	at java.awt.EventDispatchThread.run(EventDispatchThread.java:90) [?:?]
Caused by: java.text.ParseException: No date-time format found matching 
	at org.apache.jmeter.save.CSVSaveService.makeResultFromDelimitedString(CSVSaveService.java:245) ~[ApacheJMeter_core.jar:5.6.2]
	... 41 more
2024-01-25 16:05:50,483 INFO o.a.j.e.StandardJMeterEngine: Running the test!
2024-01-25 16:05:50,483 INFO o.a.j.s.SampleEvent: List of sample_variables: []
2024-01-25 16:05:50,499 INFO o.a.j.g.u.JMeterMenuBar: setRunning(true, *local*)
2024-01-25 16:05:50,553 INFO o.a.j.e.StandardJMeterEngine: Starting ThreadGroup: 1 : Thread Group
2024-01-25 16:05:50,569 INFO o.a.j.e.StandardJMeterEngine: Starting 5 threads for group Thread Group.
2024-01-25 16:05:50,569 INFO o.a.j.e.StandardJMeterEngine: Thread will continue on error
2024-01-25 16:05:50,569 INFO o.a.j.t.ThreadGroup: Starting thread group... number=1 threads=5 ramp-up=1 delayedStart=false
2024-01-25 16:05:50,569 INFO o.a.j.t.JMeterThread: Thread started: Thread Group 1-1
2024-01-25 16:05:50,569 INFO o.a.j.t.ThreadGroup: Started thread group number 1
2024-01-25 16:05:50,569 INFO o.a.j.e.StandardJMeterEngine: All thread groups have been started
2024-01-25 16:05:50,777 INFO o.a.j.t.JMeterThread: Thread started: Thread Group 1-2
2024-01-25 16:05:50,980 INFO o.a.j.t.JMeterThread: Thread started: Thread Group 1-3
2024-01-25 16:05:51,183 INFO o.a.j.t.JMeterThread: Thread started: Thread Group 1-4
2024-01-25 16:05:51,378 INFO o.a.j.t.JMeterThread: Thread started: Thread Group 1-5
2024-01-25 16:05:55,350 INFO o.a.j.t.JMeterThread: Thread is done: Thread Group 1-4
2024-01-25 16:05:55,350 INFO o.a.j.t.JMeterThread: Thread finished: Thread Group 1-4
2024-01-25 16:05:55,668 INFO o.a.j.t.JMeterThread: Thread is done: Thread Group 1-2
2024-01-25 16:05:55,683 INFO o.a.j.t.JMeterThread: Thread finished: Thread Group 1-2
2024-01-25 16:05:56,208 INFO o.a.j.t.JMeterThread: Thread is done: Thread Group 1-5
2024-01-25 16:05:56,208 INFO o.a.j.t.JMeterThread: Thread finished: Thread Group 1-5
2024-01-25 16:05:56,224 INFO o.a.j.t.JMeterThread: Thread is done: Thread Group 1-1
2024-01-25 16:05:56,224 INFO o.a.j.t.JMeterThread: Thread finished: Thread Group 1-1
2024-01-25 16:05:56,912 INFO o.a.j.t.JMeterThread: Thread is done: Thread Group 1-3
2024-01-25 16:05:56,912 INFO o.a.j.t.JMeterThread: Thread finished: Thread Group 1-3
2024-01-25 16:05:56,912 INFO o.a.j.e.StandardJMeterEngine: Notifying test listeners of end of test
2024-01-25 16:05:56,912 INFO o.a.j.g.u.JMeterMenuBar: setRunning(false, *local*)
